Jun-20 18:02:37.666 [main] DEBUG nextflow.cli.Launcher - $> nextflow run nf-core/rnaseq -r 3.1 -profile utd_sysbio -params-file nf-params.json
Jun-20 18:02:37.845 [main] INFO  nextflow.cli.CmdRun - N E X T F L O W  ~  version 21.04.1
Jun-20 18:02:39.579 [main] DEBUG nextflow.scm.AssetManager - Git config: /home/mmk160130/.nextflow/assets/nf-core/rnaseq/.git/config; branch: master; remote: origin; url: https://github.com/nf-core/rnaseq.git
Jun-20 18:02:39.600 [main] DEBUG nextflow.scm.AssetManager - Git config: /home/mmk160130/.nextflow/assets/nf-core/rnaseq/.git/config; branch: master; remote: origin; url: https://github.com/nf-core/rnaseq.git
Jun-20 18:02:40.369 [main] INFO  nextflow.cli.CmdRun - Launching `nf-core/rnaseq` [mighty_stonebraker] - revision: 0fcbb0ac49 [3.1]
Jun-20 18:02:40.947 [main] DEBUG nextflow.config.ConfigBuilder - Found config base: /home/mmk160130/.nextflow/assets/nf-core/rnaseq/nextflow.config
Jun-20 18:02:40.949 [main] DEBUG nextflow.config.ConfigBuilder - Parsing config file: /home/mmk160130/.nextflow/assets/nf-core/rnaseq/nextflow.config
Jun-20 18:02:40.971 [main] DEBUG nextflow.config.ConfigBuilder - Applying config profile: `utd_sysbio`
Jun-20 18:02:41.679 [main] INFO  org.pf4j.DefaultPluginStatusProvider - Enabled plugins: []
Jun-20 18:02:41.680 [main] INFO  org.pf4j.DefaultPluginStatusProvider - Disabled plugins: []
Jun-20 18:02:41.684 [main] INFO  org.pf4j.DefaultPluginManager - PF4J version 3.4.1 in 'deployment' mode
Jun-20 18:02:42.759 [main] DEBUG nextflow.config.ConfigBuilder - Available config profiles: [cfc_dev, ifb_core, denbi_qbic, genotoul, uppmax, abims, imperial_mb, oist, mpcdf, podman, test_sra, czbiohub_aws, jax, ccga_med, test, google, kraken, seg_globe, shh, sanger, pasteur, test_full, eddie, bi, bigpurple, docker, gis, eva, utd_ganymede, charliecloud, conda, singularity, icr_davros, munin, prince, hebbe, cfc, utd_sysbio, uzh, debug, genouest, cbe, ebc, ccga_dx, crick, phoenix, biohpc_gen, shifter, awsbatch, uct_hpc, imperial, binac]
Jun-20 18:02:42.794 [main] DEBUG nextflow.plugin.PluginsFacade - Setting up plugin manager > mode=prod; plugins-dir=/home/mmk160130/.nextflow/plugins
Jun-20 18:02:42.796 [main] DEBUG nextflow.plugin.PluginsFacade - Plugins default=[]
Jun-20 18:02:42.796 [main] DEBUG nextflow.plugin.PluginsFacade - Plugins local root: .nextflow/plr/empty
Jun-20 18:02:42.800 [main] INFO  org.pf4j.DefaultPluginStatusProvider - Enabled plugins: []
Jun-20 18:02:42.800 [main] INFO  org.pf4j.DefaultPluginStatusProvider - Disabled plugins: []
Jun-20 18:02:42.802 [main] INFO  org.pf4j.DefaultPluginManager - PF4J version 3.4.1 in 'deployment' mode
Jun-20 18:02:42.813 [main] INFO  org.pf4j.AbstractPluginManager - No plugins
Jun-20 18:02:42.871 [main] DEBUG nextflow.Session - Session uuid: 0d7decc8-4b28-44af-a606-8bda8762bc3f
Jun-20 18:02:42.872 [main] DEBUG nextflow.Session - Run name: mighty_stonebraker
Jun-20 18:02:42.873 [main] DEBUG nextflow.Session - Executor pool size: 16
Jun-20 18:02:42.915 [main] DEBUG nextflow.cli.CmdRun - 
  Version: 21.04.1 build 5556
  Created: 14-05-2021 15:20 UTC (10:20 CDT)
  System: Linux 3.10.0-1062.9.1.el7.x86_64
  Runtime: Groovy 3.0.7 on OpenJDK 64-Bit Server VM 1.8.0_242-b08
  Encoding: UTF-8 (UTF-8)
  Process: 9249@sysbio.utdallas.edu [10.174.247.68]
  CPUs: 16 - Mem: 94.3 GB (337 MB) - Swap: 128 GB (125.6 GB)
Jun-20 18:02:42.935 [main] DEBUG nextflow.Session - Work-dir: /scratch/mmk160130/ag-intro/work [xfs]
Jun-20 18:02:43.003 [main] DEBUG nextflow.executor.ExecutorFactory - Extension executors providers=[]
Jun-20 18:02:43.016 [main] DEBUG nextflow.Session - Observer factory: DefaultObserverFactory
Jun-20 18:02:43.280 [main] DEBUG nextflow.Session - Session start invoked
Jun-20 18:02:43.285 [main] DEBUG nextflow.trace.TraceFileObserver - Flow starting -- trace file: /scratch/mmk160130/ag-intro/results/pipeline_info/execution_trace_2021-06-20_18-02-42.txt
Jun-20 18:02:43.325 [main] DEBUG nextflow.Session - Using default localLib path: /home/mmk160130/.nextflow/assets/nf-core/rnaseq/lib
Jun-20 18:02:43.330 [main] DEBUG nextflow.Session - Adding to the classpath library: /home/mmk160130/.nextflow/assets/nf-core/rnaseq/lib
Jun-20 18:02:43.330 [main] DEBUG nextflow.Session - Adding to the classpath library: /home/mmk160130/.nextflow/assets/nf-core/rnaseq/lib/nfcore_external_java_deps.jar
Jun-20 18:02:44.477 [main] DEBUG nextflow.script.ScriptRunner - > Launching execution
Jun-20 18:02:44.766 [main] WARN  nextflow.Nextflow - Found unexpected parameters:
* --singularity_cache_dir: /scratch/applied-genomics/singularity
Jun-20 18:02:44.768 [main] INFO  nextflow.Nextflow - - [2mIgnore this warning: params.schema_ignore_params = "singularity_cache_dir" [0m
Jun-20 18:02:44.793 [main] INFO  nextflow.Nextflow - 

-[2m----------------------------------------------------[0m-
                                        [0;32m,--.[0;30m/[0;32m,-.[0m
[0;34m        ___     __   __   __   ___     [0;32m/,-._.--~'[0m
[0;34m  |\ | |__  __ /  ` /  \ |__) |__         [0;33m}  {[0m
[0;34m  | \| |       \__, \__/ |  \ |___     [0;32m\`-._,-`-,[0m
                                        [0;32m`._,._,'[0m
[0;35m  nf-core/rnaseq v3.1[0m
-[2m----------------------------------------------------[0m-
[1mCore Nextflow options[0m
  [0;34mrevision                  : [0;32m3.1[0m
  [0;34mrunName                   : [0;32mmighty_stonebraker[0m
  [0;34mcontainerEngine           : [0;32msingularity[0m
  [0;34mlaunchDir                 : [0;32m/scratch/mmk160130/ag-intro[0m
  [0;34mworkDir                   : [0;32m/scratch/mmk160130/ag-intro/work[0m
  [0;34mprojectDir                : [0;32m/home/mmk160130/.nextflow/assets/nf-core/rnaseq[0m
  [0;34muserName                  : [0;32mmmk160130[0m
  [0;34mprofile                   : [0;32mutd_sysbio[0m
  [0;34mconfigFiles               : [0;32m/home/mmk160130/.nextflow/assets/nf-core/rnaseq/nextflow.config[0m

[1mInput/output options[0m
  [0;34minput                     : [0;32msamplesheet.csv[0m
  [0;34memail                     : [0;32mmmk160130@utdallas.edu[0m

[1mReference genome options[0m
  [0;34mgenome                    : [0;32mGRCh37[0m
  [0;34mfasta                     : [0;32ms3://ngi-igenomes/igenomes//Homo_sapiens/Ensembl/GRCh37/Sequence/WholeGenomeFasta/genome.fa[0m
  [0;34mgtf                       : [0;32ms3://ngi-igenomes/igenomes//Homo_sapiens/Ensembl/GRCh37/Annotation/Genes/genes.gtf[0m
  [0;34mgene_bed                  : [0;32ms3://ngi-igenomes/igenomes//Homo_sapiens/Ensembl/GRCh37/Annotation/Genes/genes.bed[0m
  [0;34mstar_index                : [0;32ms3://ngi-igenomes/igenomes//Homo_sapiens/Ensembl/GRCh37/Sequence/STARIndex/[0m
  [0;34migenomes_base             : [0;32ms3://ngi-igenomes/igenomes/[0m

[1mInstitutional config options[0m
  [0;34mconfig_profile_description: [0;32mUniversity of Texas at Dallas HPC cluster profile provided by nf-core/configs[0m
  [0;34mconfig_profile_contact    : [0;32mEdmund Miller(@emiller88)[0m
  [0;34mconfig_profile_url        : [0;32mhttp://docs.oithpc.utdallas.edu/[0m

[1mMax job request options[0m
  [0;34mmax_memory                : [0;32m90 GB[0m
  [0;34mmax_time                  : [0;32m4d[0m

!! Only displaying parameters that differ from the pipeline defaults !!
-[2m----------------------------------------------------[0m-
If you use nf-core/rnaseq for your analysis please cite:

* The pipeline
  https://doi.org/10.5281/zenodo.1400710

* The nf-core framework
  https://doi.org/10.1038/s41587-020-0439-x

* Software dependencies
  https://github.com/nf-core/rnaseq/blob/master/CITATIONS.md
-[2m----------------------------------------------------[0m-
Jun-20 18:02:44.859 [main] DEBUG nextflow.Session - Workflow process names [dsl2]: 
Jun-20 18:02:44.863 [main] WARN  nextflow.Session - There's no process matching config selector: STAR_ALIGN
Jun-20 18:02:47.340 [main] DEBUG nextflow.plugin.PluginUpdater - Installing plugin nf-amazon version: 1.0.5
Jun-20 18:02:47.348 [main] WARN  nextflow.file.FileHelper - Unable to start plugin 'nf-amazon' required by s3://ngi-igenomes/igenomes//Homo_sapiens/Ensembl/GRCh37/Sequence/WholeGenomeFasta/genome.fa
Jun-20 18:02:47.352 [main] DEBUG nextflow.Session - Session aborted -- Cause: Cannot a find a file system provider for scheme: s3
Jun-20 18:02:47.370 [main] ERROR nextflow.cli.Launcher - Cannot a find a file system provider for scheme: s3
java.lang.IllegalArgumentException: Cannot a find a file system provider for scheme: s3
	at nextflow.file.FileHelper.getOrCreateFileSystemFor(FileHelper.groovy:598)
	at nextflow.file.FileHelper.getOrCreateFileSystemFor(FileHelper.groovy)
	at nextflow.file.FileHelper.asPath(FileHelper.groovy:296)
	at nextflow.file.FileHelper.asPath(FileHelper.groovy:263)
	at nextflow.extension.Bolts.asType(Bolts.groovy:440)
	at sun.reflect.GeneratedMethodAccessor18.invoke(Unknown Source)
	at sun.reflect.DelegatingMethodAccessorImpl.invoke(DelegatingMethodAccessorImpl.java:43)
	at java.lang.reflect.Method.invoke(Method.java:498)
	at org.codehaus.groovy.runtime.metaclass.ReflectionMetaMethod.invoke(ReflectionMetaMethod.java:54)
	at org.codehaus.groovy.runtime.metaclass.NewInstanceMetaMethod.invoke(NewInstanceMetaMethod.java:54)
	at groovy.lang.MetaMethod.doMethodInvoke(MetaMethod.java:323)
	at groovy.lang.MetaClassImpl.invokeMethod(MetaClassImpl.java:1268)
	at groovy.lang.MetaClassImpl.invokeMethod(MetaClassImpl.java:1035)
	at org.codehaus.groovy.runtime.InvokerHelper.invokePojoMethod(InvokerHelper.java:1017)
	at org.codehaus.groovy.runtime.InvokerHelper.invokeMethod(InvokerHelper.java:1008)
	at org.codehaus.groovy.runtime.ScriptBytecodeAdapter.invokeMethodN(ScriptBytecodeAdapter.java:180)
	at org.codehaus.groovy.runtime.ScriptBytecodeAdapter.asType(ScriptBytecodeAdapter.java:603)
	at nextflow.Nextflow.file(Nextflow.groovy:148)
	at nextflow.Nextflow$file.callStatic(Unknown Source)
	at Script_6f92e026.runScript(Script_6f92e026:26)
	at nextflow.script.BaseScript.runDsl2(BaseScript.groovy:170)
	at nextflow.script.BaseScript.run(BaseScript.groovy:200)
	at nextflow.script.ScriptParser.runScript(ScriptParser.groovy:221)
	at nextflow.script.ScriptParser.runScript(ScriptParser.groovy:207)
	at nextflow.script.ScriptParser.runScript(ScriptParser.groovy:201)
	at nextflow.script.IncludeDef.memoizedMethodPriv$loadModule0PathMapSession(IncludeDef.groovy:142)
	at nextflow.script.IncludeDef.access$0(IncludeDef.groovy)
	at nextflow.script.IncludeDef$__clinit__closure1.doCall(IncludeDef.groovy)
	at sun.reflect.NativeMethodAccessorImpl.invoke0(Native Method)
	at sun.reflect.NativeMethodAccessorImpl.invoke(NativeMethodAccessorImpl.java:62)
	at sun.reflect.DelegatingMethodAccessorImpl.invoke(DelegatingMethodAccessorImpl.java:43)
	at java.lang.reflect.Method.invoke(Method.java:498)
	at org.codehaus.groovy.reflection.CachedMethod.invoke(CachedMethod.java:107)
	at groovy.lang.MetaMethod.doMethodInvoke(MetaMethod.java:323)
	at org.codehaus.groovy.runtime.metaclass.ClosureMetaClass.invokeMethod(ClosureMetaClass.java:263)
	at groovy.lang.MetaClassImpl.invokeMethod(MetaClassImpl.java:1035)
	at groovy.lang.Closure.call(Closure.java:412)
	at org.codehaus.groovy.runtime.memoize.Memoize$MemoizeFunction.lambda$call$0(Memoize.java:137)
	at org.codehaus.groovy.runtime.memoize.ConcurrentCommonCache.getAndPut(ConcurrentCommonCache.java:137)
	at org.codehaus.groovy.runtime.memoize.ConcurrentCommonCache.getAndPut(ConcurrentCommonCache.java:113)
	at org.codehaus.groovy.runtime.memoize.Memoize$MemoizeFunction.call(Memoize.java:136)
	at nextflow.script.IncludeDef.loadModule0(IncludeDef.groovy)
	at nextflow.script.IncludeDef.load0(IncludeDef.groovy:114)
	at nextflow.script.IncludeDef$load0$1.call(Unknown Source)
	at org.codehaus.groovy.runtime.callsite.CallSiteArray.defaultCall(CallSiteArray.java:47)
	at org.codehaus.groovy.runtime.callsite.AbstractCallSite.call(AbstractCallSite.java:125)
	at org.codehaus.groovy.runtime.callsite.AbstractCallSite.call(AbstractCallSite.java:139)
	at Script_a26fe0b9$_runScript_closure1$_closure3.doCall(Script_a26fe0b9:56)
	at sun.reflect.NativeMethodAccessorImpl.invoke0(Native Method)
	at sun.reflect.NativeMethodAccessorImpl.invoke(NativeMethodAccessorImpl.java:62)
	at sun.reflect.DelegatingMethodAccessorImpl.invoke(DelegatingMethodAccessorImpl.java:43)
	at java.lang.reflect.Method.invoke(Method.java:498)
	at org.codehaus.groovy.reflection.CachedMethod.invoke(CachedMethod.java:107)
	at groovy.lang.MetaMethod.doMethodInvoke(MetaMethod.java:323)
	at org.codehaus.groovy.runtime.metaclass.ClosureMetaClass.invokeMethod(ClosureMetaClass.java:263)
	at groovy.lang.MetaClassImpl.invokeMethod(MetaClassImpl.java:1035)
	at groovy.lang.Closure.call(Closure.java:412)
	at groovy.lang.Closure.call(Closure.java:406)
	at nextflow.script.WorkflowDef.run0(WorkflowDef.groovy:186)
	at nextflow.script.WorkflowDef.run(WorkflowDef.groovy:170)
	at nextflow.script.BindableDef.invoke_a(BindableDef.groovy:52)
	at nextflow.script.ComponentDef.invoke_o(ComponentDef.groovy:41)
	at nextflow.script.WorkflowBinding.invokeMethod(WorkflowBinding.groovy:95)
	at org.codehaus.groovy.runtime.metaclass.ClosureMetaClass.invokeOnDelegationObjects(ClosureMetaClass.java:397)
	at org.codehaus.groovy.runtime.metaclass.ClosureMetaClass.invokeMethod(ClosureMetaClass.java:339)
	at org.codehaus.groovy.runtime.callsite.PogoMetaClassSite.callCurrent(PogoMetaClassSite.java:61)
	at org.codehaus.groovy.runtime.callsite.CallSiteArray.defaultCallCurrent(CallSiteArray.java:51)
	at org.codehaus.groovy.runtime.callsite.AbstractCallSite.callCurrent(AbstractCallSite.java:171)
	at org.codehaus.groovy.runtime.callsite.AbstractCallSite.callCurrent(AbstractCallSite.java:176)
	at Script_a26fe0b9$_runScript_closure2$_closure4.doCall(Script_a26fe0b9:72)
	at sun.reflect.NativeMethodAccessorImpl.invoke0(Native Method)
	at sun.reflect.NativeMethodAccessorImpl.invoke(NativeMethodAccessorImpl.java:62)
	at sun.reflect.DelegatingMethodAccessorImpl.invoke(DelegatingMethodAccessorImpl.java:43)
	at java.lang.reflect.Method.invoke(Method.java:498)
	at org.codehaus.groovy.reflection.CachedMethod.invoke(CachedMethod.java:107)
	at groovy.lang.MetaMethod.doMethodInvoke(MetaMethod.java:323)
	at org.codehaus.groovy.runtime.metaclass.ClosureMetaClass.invokeMethod(ClosureMetaClass.java:263)
	at groovy.lang.MetaClassImpl.invokeMethod(MetaClassImpl.java:1035)
	at groovy.lang.Closure.call(Closure.java:412)
	at groovy.lang.Closure.call(Closure.java:406)
	at nextflow.script.WorkflowDef.run0(WorkflowDef.groovy:186)
	at nextflow.script.WorkflowDef.run(WorkflowDef.groovy:170)
	at nextflow.script.BindableDef.invoke_a(BindableDef.groovy:52)
	at nextflow.script.ChainableDef$invoke_a.call(Unknown Source)
	at org.codehaus.groovy.runtime.callsite.CallSiteArray.defaultCall(CallSiteArray.java:47)
	at org.codehaus.groovy.runtime.callsite.AbstractCallSite.call(AbstractCallSite.java:125)
	at org.codehaus.groovy.runtime.callsite.AbstractCallSite.call(AbstractCallSite.java:139)
	at nextflow.script.BaseScript.runDsl2(BaseScript.groovy:191)
	at nextflow.script.BaseScript.run(BaseScript.groovy:200)
	at nextflow.script.ScriptParser.runScript(ScriptParser.groovy:221)
	at nextflow.script.ScriptRunner.run(ScriptRunner.groovy:212)
	at nextflow.script.ScriptRunner.execute(ScriptRunner.groovy:120)
	at nextflow.cli.CmdRun.run(CmdRun.groovy:302)
	at nextflow.cli.Launcher.run(Launcher.groovy:475)
	at nextflow.cli.Launcher.main(Launcher.groovy:657)
