[2021-06-20 17:11:46,274] multiqc                                            [DEBUG  ]  No MultiQC config found: /usr/local/lib/python3.9/site-packages/multiqc_config.yaml
[2021-06-20 17:11:46,274] multiqc                                            [DEBUG  ]  No MultiQC config found: /home/mmk160130/.multiqc_config.yaml
[2021-06-20 17:11:46,293] multiqc                                            [DEBUG  ]  Loading config settings from: multiqc_config.yaml
[2021-06-20 17:11:46,294] multiqc                                            [DEBUG  ]  New config 'report_comment': This report has been generated by the <a href="https://github.com/nf-core/rnaseq" target="_blank">nf-core/rnaseq</a> analysis pipeline. For information about how to interpret these results, please see the <a href="https://github.com/nf-core/rnaseq/blob/master/docs/output.md" target="_blank">documentation</a>.

[2021-06-20 17:11:46,294] multiqc                                            [DEBUG  ]  New config 'run_modules': ['custom_content', 'fastqc', 'cutadapt', 'sortmerna', 'star', 'hisat2', 'rsem', 'salmon', 'samtools', 'picard', 'preseq', 'rseqc', 'qualimap']
[2021-06-20 17:11:46,294] multiqc                                            [DEBUG  ]  New config 'top_modules': ['fail_mapped_samples', 'fail_strand_check', 'star_rsem_deseq2_pca', 'star_rsem_deseq2_clustering', 'star_salmon_deseq2_pca', 'star_salmon_deseq2_clustering', 'salmon_deseq2_pca', 'salmon_deseq2_clustering', 'biotype_counts', 'dupradar']
[2021-06-20 17:11:46,294] multiqc                                            [DEBUG  ]  New config 'module_order': [{'fastqc': {'name': 'FastQC (raw)', 'info': 'This section of the report shows FastQC results before adapter trimming.', 'path_filters': ['./fastqc/*.zip']}}, 'cutadapt', {'fastqc': {'name': 'FastQC (trimmed)', 'info': 'This section of the report shows FastQC results after adapter trimming.', 'path_filters': ['./trimgalore/fastqc/*.zip']}}]
[2021-06-20 17:11:46,294] multiqc                                            [DEBUG  ]  New config 'report_section_order': {'software_versions': {'order': -1000}, 'nf-core-rnaseq-summary': {'order': -1100}}
[2021-06-20 17:11:46,294] multiqc                                            [DEBUG  ]  New config 'table_columns_visible': {'FastQC': {'percent_duplicates': False}}
[2021-06-20 17:11:46,294] multiqc                                            [DEBUG  ]  Added to filename clean extensions: ['.umi_dedup', '_2_val_2', '_val_1']
[2021-06-20 17:11:46,294] multiqc                                            [DEBUG  ]  Added to filename patterns: {'cutadapt': {'fn': '*trimming_report.txt'}, 'sortmerna': {'fn': '*.sortmerna.log'}, 'hisat2': {'fn': '*.hisat2.summary.log'}, 'salmon/meta': {'fn': 'meta_info.json'}, 'preseq': {'fn': '*.ccurve.txt'}, 'samtools/stats': {'fn': '*.stats'}, 'samtools/flagstat': {'fn': '*.flagstat'}, 'samtools/idxstats': {'fn': '*.idxstats*'}, 'rseqc/bam_stat': {'fn': '*.bam_stat.txt'}, 'rseqc/gene_body_coverage': {'skip': True}, 'rseqc/junction_annotation': {'fn': '*.junction_annotation.log'}, 'rseqc/read_gc': {'skip': True}, 'rseqc/read_distribution': {'fn': '*.read_distribution.txt'}, 'rseqc/infer_experiment': {'fn': '*.infer_experiment.txt'}, 'picard/markdups': {'fn': '*.MarkDuplicates.metrics.txt'}, 'picard/alignment_metrics': {'skip': True}, 'picard/basedistributionbycycle': {'skip': True}, 'picard/gcbias': {'skip': True}, 'picard/hsmetrics': {'skip': True}, 'picard/insertsize': {'skip': True}, 'picard/oxogmetrics': {'skip': True}, 'picard/pcr_metrics': {'skip': True}, 'picard/quality_by_cycle': {'skip': True}, 'picard/quality_score_distribution': {'skip': True}, 'picard/quality_yield_metrics': {'skip': True}, 'picard/rnaseqmetrics': {'skip': True}, 'picard/rrbs_metrics': {'skip': True}, 'picard/sam_file_validation': {'skip': True}, 'picard/variant_calling_metrics': {'skip': True}, 'picard/wgs_metrics': {'skip': True}}
[2021-06-20 17:11:46,294] multiqc                                            [DEBUG  ]  New config 'custom_data': {'fail_mapped_samples': {'section_name': 'WARNING: Fail Alignment Check', 'description': "List of samples that failed the STAR minimum mapped reads threshold specified via the '--min_mapped_reads' parameter, and hence were ignored for the downstream processing steps.", 'plot_type': 'table', 'pconfig': {'id': 'fail_mapped_samples_table', 'table_title': 'Samples failed mapping threshold', 'namespace': 'Samples failed mapping threshold', 'format': '{:.2f}'}}, 'fail_strand_check': {'section_name': 'WARNING: Fail Strand Check', 'description': "List of samples that failed the strandedness check between that provided in the samplesheet and calculated by the <a href='http://rseqc.sourceforge.net/#infer-experiment-py'>RSeQC infer_experiment.py</a> tool.", 'plot_type': 'table', 'pconfig': {'id': 'fail_strand_check_table', 'table_title': 'Samples failed strandedness check', 'namespace': 'Samples failed strandedness check', 'format': '{:.2f}'}}}
[2021-06-20 17:11:46,295] multiqc                                            [DEBUG  ]  Command used: /usr/local/bin/multiqc -f .
[2021-06-20 17:12:42,357] multiqc                                            [DEBUG  ]  Could not connect to multiqc.info for version check: <urlopen error [Errno -3] Temporary failure in name resolution>
[2021-06-20 17:12:42,357] multiqc                                            [INFO   ]  This is MultiQC v1.10.1
[2021-06-20 17:12:42,357] multiqc                                            [DEBUG  ]  Command     : /usr/local/bin/multiqc -f .
[2021-06-20 17:12:42,357] multiqc                                            [DEBUG  ]  Working dir : /scratch/mmk160130/ag-intro/work/17/c6822b3941b85d27697d1d49066d1f
[2021-06-20 17:12:42,357] multiqc                                            [INFO   ]  Template    : default
[2021-06-20 17:12:42,357] multiqc                                            [DEBUG  ]  Running Python 3.9.2 | packaged by conda-forge | (default, Feb 21 2021, 05:02:46)  [GCC 9.3.0]
[2021-06-20 17:12:42,358] multiqc                                            [INFO   ]  Searching   : /scratch/mmk160130/ag-intro/work/17/c6822b3941b85d27697d1d49066d1f
[2021-06-20 17:12:42,358] multiqc                                            [INFO   ]  Only using modules custom_content, fastqc, cutadapt, sortmerna, star, hisat2, rsem, salmon, samtools, picard, preseq, rseqc, qualimap
[2021-06-20 17:12:42,359] multiqc                                            [DEBUG  ]  Analysing modules: custom_content, hisat2, picard, preseq, qualimap, rsem, rseqc, salmon, samtools, sortmerna, star, fastqc, cutadapt, fastqc
[2021-06-20 17:12:42,359] multiqc                                            [DEBUG  ]  Using temporary directory for creating report: /tmp/tmpvsho4ix_
[2021-06-20 17:12:42,526] multiqc                                            [DEBUG  ]  Ignored 200 search patterns as didn't match running modules.
[2021-06-20 17:12:42,527] multiqc                                            [INFO   ]  Skipping 17 file search patterns
[2021-06-20 17:12:42,527] multiqc                                            [DEBUG  ]  Skipping search patterns: picard/alignment_metrics, picard/basedistributionbycycle, picard/gcbias, picard/hsmetrics, picard/insertsize, picard/oxogmetrics, picard/pcr_metrics, picard/quality_by_cycle, picard/quality_score_distribution, picard/quality_yield_metrics, picard/rnaseqmetrics, picard/rrbs_metrics, picard/sam_file_validation, picard/variant_calling_metrics, picard/wgs_metrics, rseqc/gene_body_coverage, rseqc/read_gc
[2021-06-20 17:12:42,771] multiqc                                            [DEBUG  ]  Ignoring file as matched an ignore pattern: qualimapReport.html
[2021-06-20 17:12:42,812] multiqc                                            [DEBUG  ]  Ignoring file as matched an ignore pattern: qualimapReport.html
[2021-06-20 17:12:42,849] multiqc                                            [DEBUG  ]  Ignoring file as matched an ignore pattern: qualimapReport.html
[2021-06-20 17:12:42,883] multiqc                                            [DEBUG  ]  Ignoring file as matched an ignore pattern: qualimapReport.html
[2021-06-20 17:12:42,916] multiqc                                            [DEBUG  ]  Ignoring file as matched an ignore pattern: qualimapReport.html
[2021-06-20 17:12:44,518] multiqc.plots.bargraph                             [DEBUG  ]  Using matplotlib version 3.4.1
[2021-06-20 17:12:44,523] multiqc.plots.linegraph                            [DEBUG  ]  Using matplotlib version 3.4.1
[2021-06-20 17:12:44,598] multiqc.modules.custom_content.custom_content      [INFO   ]  software_versions: Found 1 sample (html)
[2021-06-20 17:12:44,598] multiqc.modules.custom_content.custom_content      [INFO   ]  nf-core-rnaseq-summary: Found 1 sample (html)
[2021-06-20 17:12:44,602] multiqc.modules.custom_content.custom_content      [INFO   ]  biotype_counts: Found 5 samples (bargraph)
[2021-06-20 17:12:44,602] multiqc.modules.custom_content.custom_content      [INFO   ]  biotype-gs: Found 5 General Statistics columns
[2021-06-20 17:12:44,602] multiqc.modules.custom_content.custom_content      [INFO   ]  star_salmon_deseq2_pca: Found 5 samples (scatter)
[2021-06-20 17:12:44,603] multiqc.modules.custom_content.custom_content      [INFO   ]  star_salmon_deseq2_clustering: Found 5 samples (heatmap)
[2021-06-20 17:12:44,603] multiqc.modules.custom_content.custom_content      [INFO   ]  salmon_deseq2_pca: Found 5 samples (scatter)
[2021-06-20 17:12:44,603] multiqc.modules.custom_content.custom_content      [INFO   ]  salmon_deseq2_clustering: Found 5 samples (heatmap)
[2021-06-20 17:12:44,603] multiqc.modules.custom_content.custom_content      [INFO   ]  DupInt: Found 5 General Statistics columns
[2021-06-20 17:12:44,607] multiqc.modules.custom_content.custom_content      [INFO   ]  dupradar: Found 5 samples (linegraph)
[2021-06-20 17:12:44,613] multiqc                                            [DEBUG  ]  No samples found: hisat2
[2021-06-20 17:12:44,660] multiqc.modules.picard.picard                      [INFO   ]  Found 5 MarkDuplicates reports
[2021-06-20 17:12:44,733] multiqc.modules.preseq.preseq                      [INFO   ]  Found 5 reports
[2021-06-20 17:12:44,877] multiqc.modules.qualimap.qualimap                  [INFO   ]  Found 5 RNASeq reports
[2021-06-20 17:12:44,883] multiqc                                            [DEBUG  ]  No samples found: rsem
[2021-06-20 17:12:44,899] multiqc.modules.rseqc.rseqc                        [INFO   ]  Found 5 read_distribution reports
[2021-06-20 17:12:44,906] multiqc.modules.rseqc.rseqc                        [INFO   ]  Found 3 inner_distance reports
[2021-06-20 17:12:44,913] multiqc.modules.rseqc.rseqc                        [INFO   ]  Found 5 read_duplication reports
[2021-06-20 17:12:44,919] multiqc.modules.rseqc.rseqc                        [INFO   ]  Found 5 junction_annotation reports
[2021-06-20 17:12:44,926] multiqc.modules.rseqc.rseqc                        [INFO   ]  Found 5 junction_saturation reports
[2021-06-20 17:12:44,931] multiqc.modules.rseqc.rseqc                        [INFO   ]  Found 5 infer_experiment reports
[2021-06-20 17:12:44,939] multiqc.modules.rseqc.rseqc                        [INFO   ]  Found 5 bam_stat reports
[2021-06-20 17:12:44,954] multiqc.modules.salmon.salmon                      [INFO   ]  Found 5 meta reports
[2021-06-20 17:12:44,954] multiqc.modules.salmon.salmon                      [INFO   ]  Found 5 fragment length distributions
[2021-06-20 17:12:45,009] multiqc.modules.samtools.samtools                  [INFO   ]  Found 5 stats reports
[2021-06-20 17:12:45,018] multiqc.modules.samtools.samtools                  [INFO   ]  Found 5 flagstat reports
[2021-06-20 17:12:45,022] multiqc.modules.samtools.samtools                  [INFO   ]  Found 5 idxstats reports
[2021-06-20 17:12:45,029] multiqc                                            [DEBUG  ]  No samples found: sortmerna
[2021-06-20 17:12:45,045] multiqc.modules.star.star                          [INFO   ]  Found 5 reports
[2021-06-20 17:12:45,059] multiqc.modules.base_module                        [DEBUG  ]  fastqc/zip - Selecting 'RAP1_UNINDUCED_REP1_fastqc.zip' as it matched the path_filters for 'FastQC (raw)'
[2021-06-20 17:12:45,063] multiqc.modules.base_module                        [DEBUG  ]  fastqc/zip - Selecting 'RAP1_IAA_30M_REP1_1_fastqc.zip' as it matched the path_filters for 'FastQC (raw)'
[2021-06-20 17:12:45,066] multiqc.modules.base_module                        [DEBUG  ]  fastqc/zip - Selecting 'RAP1_IAA_30M_REP1_2_fastqc.zip' as it matched the path_filters for 'FastQC (raw)'
[2021-06-20 17:12:45,069] multiqc.modules.base_module                        [DEBUG  ]  fastqc/zip - Selecting 'WT_REP2_1_fastqc.zip' as it matched the path_filters for 'FastQC (raw)'
[2021-06-20 17:12:45,073] multiqc.modules.base_module                        [DEBUG  ]  fastqc/zip - Selecting 'WT_REP2_2_fastqc.zip' as it matched the path_filters for 'FastQC (raw)'
[2021-06-20 17:12:45,076] multiqc.modules.base_module                        [DEBUG  ]  fastqc/zip - Selecting 'RAP1_UNINDUCED_REP2_fastqc.zip' as it matched the path_filters for 'FastQC (raw)'
[2021-06-20 17:12:45,079] multiqc.modules.base_module                        [DEBUG  ]  fastqc/zip - Selecting 'WT_REP1_1_fastqc.zip' as it matched the path_filters for 'FastQC (raw)'
[2021-06-20 17:12:45,083] multiqc.modules.base_module                        [DEBUG  ]  fastqc/zip - Selecting 'WT_REP1_2_fastqc.zip' as it matched the path_filters for 'FastQC (raw)'
[2021-06-20 17:12:45,086] multiqc.modules.base_module                        [DEBUG  ]  fastqc/zip - Skipping 'RAP1_UNINDUCED_REP1_trimmed_fastqc.zip' as it didn't match the path_filters for 'FastQC (raw)'
[2021-06-20 17:12:45,086] multiqc.modules.base_module                        [DEBUG  ]  fastqc/zip - Skipping 'RAP1_IAA_30M_REP1_1_val_1_fastqc.zip' as it didn't match the path_filters for 'FastQC (raw)'
[2021-06-20 17:12:45,087] multiqc.modules.base_module                        [DEBUG  ]  fastqc/zip - Skipping 'RAP1_IAA_30M_REP1_2_val_2_fastqc.zip' as it didn't match the path_filters for 'FastQC (raw)'
[2021-06-20 17:12:45,087] multiqc.modules.base_module                        [DEBUG  ]  fastqc/zip - Skipping 'WT_REP2_1_val_1_fastqc.zip' as it didn't match the path_filters for 'FastQC (raw)'
[2021-06-20 17:12:45,087] multiqc.modules.base_module                        [DEBUG  ]  fastqc/zip - Skipping 'WT_REP2_2_val_2_fastqc.zip' as it didn't match the path_filters for 'FastQC (raw)'
[2021-06-20 17:12:45,087] multiqc.modules.base_module                        [DEBUG  ]  fastqc/zip - Skipping 'RAP1_UNINDUCED_REP2_trimmed_fastqc.zip' as it didn't match the path_filters for 'FastQC (raw)'
[2021-06-20 17:12:45,087] multiqc.modules.base_module                        [DEBUG  ]  fastqc/zip - Skipping 'WT_REP1_1_val_1_fastqc.zip' as it didn't match the path_filters for 'FastQC (raw)'
[2021-06-20 17:12:45,087] multiqc.modules.base_module                        [DEBUG  ]  fastqc/zip - Skipping 'WT_REP1_2_val_2_fastqc.zip' as it didn't match the path_filters for 'FastQC (raw)'
[2021-06-20 17:12:45,087] multiqc.modules.fastqc.fastqc                      [INFO   ]  Found 8 reports
[2021-06-20 17:12:45,237] multiqc.modules.cutadapt.cutadapt                  [INFO   ]  Found 8 reports
[2021-06-20 17:12:45,245] multiqc.modules.base_module                        [DEBUG  ]  fastqc/zip - Skipping 'RAP1_UNINDUCED_REP1_fastqc.zip' as it didn't match the path_filters for 'FastQC (trimmed)'
[2021-06-20 17:12:45,245] multiqc.modules.base_module                        [DEBUG  ]  fastqc/zip - Skipping 'RAP1_IAA_30M_REP1_1_fastqc.zip' as it didn't match the path_filters for 'FastQC (trimmed)'
[2021-06-20 17:12:45,245] multiqc.modules.base_module                        [DEBUG  ]  fastqc/zip - Skipping 'RAP1_IAA_30M_REP1_2_fastqc.zip' as it didn't match the path_filters for 'FastQC (trimmed)'
[2021-06-20 17:12:45,246] multiqc.modules.base_module                        [DEBUG  ]  fastqc/zip - Skipping 'WT_REP2_1_fastqc.zip' as it didn't match the path_filters for 'FastQC (trimmed)'
[2021-06-20 17:12:45,246] multiqc.modules.base_module                        [DEBUG  ]  fastqc/zip - Skipping 'WT_REP2_2_fastqc.zip' as it didn't match the path_filters for 'FastQC (trimmed)'
[2021-06-20 17:12:45,246] multiqc.modules.base_module                        [DEBUG  ]  fastqc/zip - Skipping 'RAP1_UNINDUCED_REP2_fastqc.zip' as it didn't match the path_filters for 'FastQC (trimmed)'
[2021-06-20 17:12:45,246] multiqc.modules.base_module                        [DEBUG  ]  fastqc/zip - Skipping 'WT_REP1_1_fastqc.zip' as it didn't match the path_filters for 'FastQC (trimmed)'
[2021-06-20 17:12:45,246] multiqc.modules.base_module                        [DEBUG  ]  fastqc/zip - Skipping 'WT_REP1_2_fastqc.zip' as it didn't match the path_filters for 'FastQC (trimmed)'
[2021-06-20 17:12:45,246] multiqc.modules.base_module                        [DEBUG  ]  fastqc/zip - Selecting 'RAP1_UNINDUCED_REP1_trimmed_fastqc.zip' as it matched the path_filters for 'FastQC (trimmed)'
[2021-06-20 17:12:45,250] multiqc.modules.base_module                        [DEBUG  ]  fastqc/zip - Selecting 'RAP1_IAA_30M_REP1_1_val_1_fastqc.zip' as it matched the path_filters for 'FastQC (trimmed)'
[2021-06-20 17:12:45,254] multiqc.modules.base_module                        [DEBUG  ]  fastqc/zip - Selecting 'RAP1_IAA_30M_REP1_2_val_2_fastqc.zip' as it matched the path_filters for 'FastQC (trimmed)'
[2021-06-20 17:12:45,258] multiqc.modules.base_module                        [DEBUG  ]  fastqc/zip - Selecting 'WT_REP2_1_val_1_fastqc.zip' as it matched the path_filters for 'FastQC (trimmed)'
[2021-06-20 17:12:45,262] multiqc.modules.base_module                        [DEBUG  ]  fastqc/zip - Selecting 'WT_REP2_2_val_2_fastqc.zip' as it matched the path_filters for 'FastQC (trimmed)'
[2021-06-20 17:12:45,266] multiqc.modules.base_module                        [DEBUG  ]  fastqc/zip - Selecting 'RAP1_UNINDUCED_REP2_trimmed_fastqc.zip' as it matched the path_filters for 'FastQC (trimmed)'
[2021-06-20 17:12:45,298] multiqc.modules.base_module                        [DEBUG  ]  fastqc/zip - Selecting 'WT_REP1_1_val_1_fastqc.zip' as it matched the path_filters for 'FastQC (trimmed)'
[2021-06-20 17:12:45,302] multiqc.modules.base_module                        [DEBUG  ]  fastqc/zip - Selecting 'WT_REP1_2_val_2_fastqc.zip' as it matched the path_filters for 'FastQC (trimmed)'
[2021-06-20 17:12:45,307] multiqc.modules.fastqc.fastqc                      [INFO   ]  Found 8 reports
[2021-06-20 17:12:45,428] multiqc                                            [DEBUG  ]  Reordering sections: anchor 'software_versions' not found for module 'Biotype Counts'.
[2021-06-20 17:12:45,428] multiqc                                            [DEBUG  ]  Reordering sections: anchor 'nf-core-rnaseq-summary' not found for module 'Biotype Counts'.
[2021-06-20 17:12:45,428] multiqc                                            [DEBUG  ]  Reordering sections: anchor 'software_versions' not found for module 'STAR_SALMON DESeq2 PCA plot'.
[2021-06-20 17:12:45,428] multiqc                                            [DEBUG  ]  Reordering sections: anchor 'nf-core-rnaseq-summary' not found for module 'STAR_SALMON DESeq2 PCA plot'.
[2021-06-20 17:12:45,428] multiqc                                            [DEBUG  ]  Reordering sections: anchor 'software_versions' not found for module 'STAR_SALMON DESeq2 sample similarity'.
[2021-06-20 17:12:45,428] multiqc                                            [DEBUG  ]  Reordering sections: anchor 'nf-core-rnaseq-summary' not found for module 'STAR_SALMON DESeq2 sample similarity'.
[2021-06-20 17:12:45,428] multiqc                                            [DEBUG  ]  Reordering sections: anchor 'software_versions' not found for module 'SALMON DESeq2 PCA plot'.
[2021-06-20 17:12:45,428] multiqc                                            [DEBUG  ]  Reordering sections: anchor 'nf-core-rnaseq-summary' not found for module 'SALMON DESeq2 PCA plot'.
[2021-06-20 17:12:45,428] multiqc                                            [DEBUG  ]  Reordering sections: anchor 'software_versions' not found for module 'SALMON DESeq2 sample similarity'.
[2021-06-20 17:12:45,428] multiqc                                            [DEBUG  ]  Reordering sections: anchor 'nf-core-rnaseq-summary' not found for module 'SALMON DESeq2 sample similarity'.
[2021-06-20 17:12:45,428] multiqc                                            [DEBUG  ]  Reordering sections: anchor 'software_versions' not found for module 'DupRadar'.
[2021-06-20 17:12:45,428] multiqc                                            [DEBUG  ]  Reordering sections: anchor 'nf-core-rnaseq-summary' not found for module 'DupRadar'.
[2021-06-20 17:12:45,428] multiqc                                            [DEBUG  ]  Reordering sections: anchor 'software_versions' not found for module 'Picard'.
[2021-06-20 17:12:45,428] multiqc                                            [DEBUG  ]  Reordering sections: anchor 'nf-core-rnaseq-summary' not found for module 'Picard'.
[2021-06-20 17:12:45,428] multiqc                                            [DEBUG  ]  Reordering sections: anchor 'software_versions' not found for module 'Preseq'.
[2021-06-20 17:12:45,428] multiqc                                            [DEBUG  ]  Reordering sections: anchor 'nf-core-rnaseq-summary' not found for module 'Preseq'.
[2021-06-20 17:12:45,429] multiqc                                            [DEBUG  ]  Reordering sections: anchor 'software_versions' not found for module 'QualiMap'.
[2021-06-20 17:12:45,429] multiqc                                            [DEBUG  ]  Reordering sections: anchor 'nf-core-rnaseq-summary' not found for module 'QualiMap'.
[2021-06-20 17:12:45,429] multiqc                                            [DEBUG  ]  Reordering sections: anchor 'software_versions' not found for module 'RSeQC'.
[2021-06-20 17:12:45,429] multiqc                                            [DEBUG  ]  Reordering sections: anchor 'nf-core-rnaseq-summary' not found for module 'RSeQC'.
[2021-06-20 17:12:45,429] multiqc                                            [DEBUG  ]  Reordering sections: anchor 'software_versions' not found for module 'Salmon'.
[2021-06-20 17:12:45,429] multiqc                                            [DEBUG  ]  Reordering sections: anchor 'nf-core-rnaseq-summary' not found for module 'Salmon'.
[2021-06-20 17:12:45,429] multiqc                                            [DEBUG  ]  Reordering sections: anchor 'software_versions' not found for module 'Samtools'.
[2021-06-20 17:12:45,429] multiqc                                            [DEBUG  ]  Reordering sections: anchor 'nf-core-rnaseq-summary' not found for module 'Samtools'.
[2021-06-20 17:12:45,429] multiqc                                            [DEBUG  ]  Reordering sections: anchor 'software_versions' not found for module 'STAR'.
[2021-06-20 17:12:45,429] multiqc                                            [DEBUG  ]  Reordering sections: anchor 'nf-core-rnaseq-summary' not found for module 'STAR'.
[2021-06-20 17:12:45,429] multiqc                                            [DEBUG  ]  Reordering sections: anchor 'software_versions' not found for module 'FastQC (raw)'.
[2021-06-20 17:12:45,429] multiqc                                            [DEBUG  ]  Reordering sections: anchor 'nf-core-rnaseq-summary' not found for module 'FastQC (raw)'.
[2021-06-20 17:12:45,429] multiqc                                            [DEBUG  ]  Reordering sections: anchor 'software_versions' not found for module 'Cutadapt'.
[2021-06-20 17:12:45,429] multiqc                                            [DEBUG  ]  Reordering sections: anchor 'nf-core-rnaseq-summary' not found for module 'Cutadapt'.
[2021-06-20 17:12:45,429] multiqc                                            [DEBUG  ]  Reordering sections: anchor 'software_versions' not found for module 'FastQC (trimmed)'.
[2021-06-20 17:12:45,429] multiqc                                            [DEBUG  ]  Reordering sections: anchor 'nf-core-rnaseq-summary' not found for module 'FastQC (trimmed)'.
[2021-06-20 17:12:45,429] multiqc                                            [DEBUG  ]  Reordering sections: anchor 'software_versions' not found for module 'nf-core/rnaseq Software Versions'.
[2021-06-20 17:12:45,429] multiqc                                            [DEBUG  ]  Reordering sections: anchor 'nf-core-rnaseq-summary' not found for module 'nf-core/rnaseq Software Versions'.
[2021-06-20 17:12:45,430] multiqc                                            [DEBUG  ]  Reordering sections: anchor 'software_versions' not found for module 'nf-core/rnaseq Workflow Summary'.
[2021-06-20 17:12:45,430] multiqc                                            [DEBUG  ]  Reordering sections: anchor 'nf-core-rnaseq-summary' not found for module 'nf-core/rnaseq Workflow Summary'.
[2021-06-20 17:12:45,499] multiqc                                            [INFO   ]  Compressing plot data
[2021-06-20 17:12:45,896] multiqc                                            [INFO   ]  Report      : multiqc_report.html
[2021-06-20 17:12:45,896] multiqc                                            [INFO   ]  Data        : multiqc_data
[2021-06-20 17:12:45,896] multiqc                                            [DEBUG  ]  Moving data file from '/tmp/tmpvsho4ix_/multiqc_data' to '/scratch/mmk160130/ag-intro/work/17/c6822b3941b85d27697d1d49066d1f/multiqc_data'
[2021-06-20 17:12:46,091] multiqc                                            [INFO   ]  MultiQC complete
