[2021-06-20 17:05:08.665] [jointLog] [info] setting maxHashResizeThreads to 2
[2021-06-20 17:05:08.665] [jointLog] [info] Fragment incompatibility prior below threshold.  Incompatible fragments will be ignored.
[2021-06-20 17:05:08.665] [jointLog] [info] Usage of --validateMappings implies use of minScoreFraction. Since not explicitly specified, it is being set to 0.65
[2021-06-20 17:05:08.665] [jointLog] [info] Setting consensusSlack to selective-alignment default of 0.35.
[2021-06-20 17:05:08.665] [jointLog] [info] parsing read library format
[2021-06-20 17:05:08.666] [jointLog] [info] There is 1 library.
[2021-06-20 17:05:08.714] [jointLog] [info] Loading pufferfish index
[2021-06-20 17:05:08.715] [jointLog] [info] Loading dense pufferfish index.
[2021-06-20 17:05:08.725] [jointLog] [info] done
[2021-06-20 17:05:08.725] [jointLog] [info] Index contained 126 targets
[2021-06-20 17:05:08.725] [jointLog] [info] Number of decoys : 1
[2021-06-20 17:05:08.725] [jointLog] [info] First decoy index : 125 
[2021-06-20 17:05:09.337] [fileLog] [info] 
At end of round 0
==================
Observed 99971 total fragments (99971 in most recent round)

[2021-06-20 17:05:09.279] [jointLog] [info] Thread saw mini-batch with a maximum of 0.84% zero probability fragments
[2021-06-20 17:05:09.322] [jointLog] [info] Thread saw mini-batch with a maximum of 0.90% zero probability fragments
[2021-06-20 17:05:09.336] [jointLog] [info] Computed 97 rich equivalence classes for further processing
[2021-06-20 17:05:09.336] [jointLog] [info] Counted 78896 total reads in the equivalence classes 
[2021-06-20 17:05:09.339] [jointLog] [warning] 0.0140041% of fragments were shorter than the k used to build the index.
If this fraction is too large, consider re-building the index with a smaller k.
The minimum read size found was 20.


[2021-06-20 17:05:09.339] [jointLog] [info] Number of mappings discarded because of alignment score : 4760
[2021-06-20 17:05:09.339] [jointLog] [info] Number of fragments entirely discarded because of alignment score : 5059
[2021-06-20 17:05:09.339] [jointLog] [info] Number of fragments discarded because they are best-mapped to decoys : 3466
[2021-06-20 17:05:09.339] [jointLog] [info] Number of fragments discarded because they have only dovetail (discordant) mappings to valid targets : 0
[2021-06-20 17:05:09.339] [jointLog] [warning] Only 78896 fragments were mapped, but the number of burn-in fragments was set to 5000000.
The effective lengths have been computed using the observed mappings.

[2021-06-20 17:05:09.339] [jointLog] [info] Mapping rate = 78.9189%

[2021-06-20 17:05:09.339] [jointLog] [info] finished quantifyLibrary()
[2021-06-20 17:05:09.346] [jointLog] [info] Starting optimizer
[2021-06-20 17:05:09.348] [jointLog] [info] Marked 0 weighted equivalence classes as degenerate
[2021-06-20 17:05:09.348] [jointLog] [info] iteration = 0 | max rel diff. = 1230.02
[2021-06-20 17:05:09.354] [jointLog] [info] iteration = 100 | max rel diff. = 0
[2021-06-20 17:05:09.354] [jointLog] [info] Finished optimizer
[2021-06-20 17:05:09.354] [jointLog] [info] writing output 

[2021-06-20 17:05:09.356] [jointLog] [info] Computing gene-level abundance estimates
[2021-06-20 17:05:09.373] [jointLog] [warning] Feature has no GFF ID
[2021-06-20 17:05:09.373] [jointLog] [warning] Feature has no GFF ID
[2021-06-20 17:05:09.373] [jointLog] [info] There were 124 transcripts mapping to 124 genes
[2021-06-20 17:05:09.373] [jointLog] [info] NOTE: We recommend using tximport (https://bioconductor.org/packages/release/bioc/html/tximport.html) for aggregating transcript-level salmon abundance estimates to the gene level.  It is more versatile, exposes more features, and allows considering multi-sample information during aggregation.
[2021-06-20 17:05:09.374] [jointLog] [warning] couldn't find transcript named [Gfp_transgene_gene] in transcript <-> gene map; returning transcript as it's own gene
[2021-06-20 17:05:09.374] [jointLog] [info] Aggregating expressions to gene level
[2021-06-20 17:05:09.376] [jointLog] [info] done
