BAM_INPUT
TOTAL READS     = 47750
DISTINCT READS  = 11273
DISTINCT COUNTS = 86
MAX COUNT       = 175
COUNTS OF 1     = 5923
MAX TERMS       = 52
OBSERVED COUNTS (176)
1	5923
2	1524
3	830
4	606
5	400
6	297
7	221
8	188
9	153
10	116
11	100
12	77
13	82
14	70
15	43
16	59
17	44
18	40
19	38
20	37
21	22
22	30
23	23
24	23
25	25
26	25
27	12
28	18
29	21
30	12
31	11
32	17
33	7
34	6
35	10
36	10
37	7
38	9
39	3
40	5
41	7
42	5
43	7
44	4
45	10
46	3
47	9
48	3
49	3
50	6
51	8
52	4
53	3
55	5
56	5
57	2
58	3
59	2
60	2
61	2
62	2
63	2
67	1
68	1
69	1
70	2
71	3
72	3
73	1
75	1
76	2
77	2
79	1
83	1
88	1
92	1
95	1
102	1
104	2
111	1
114	1
118	1
119	1
124	1
144	1
175	1

[ESTIMATING YIELD CURVE]
[BOOTSTRAPPING HISTOGRAM]
............_....._..............._....._.._..._._............._.....__.
............_._..._.._........_........._...
[COMPUTING CONFIDENCE INTERVALS]
[WRITING OUTPUT]
