PAIRED_END_BAM_INPUT
paired = 90313
unpaired = 3
MERGED PAIRED END READS = 90313
MATES PROCESSED = 180629
TOTAL READS     = 90316
DISTINCT READS  = 70258
DISTINCT COUNTS = 33
MAX COUNT       = 40
COUNTS OF 1     = 59480
MAX TERMS       = 20
OBSERVED COUNTS (41)
1	59480
2	6981
3	1927
4	771
5	434
6	226
7	133
8	79
9	59
10	50
11	25
12	15
13	12
14	15
15	13
16	7
17	6
18	2
19	2
20	1
21	1
23	1
24	1
25	5
26	1
27	2
28	2
30	1
31	2
32	1
34	1
38	1
40	1

[ESTIMATING YIELD CURVE]
[BOOTSTRAPPING HISTOGRAM]
..........._._........_........_......._......_....._._......_....._....
_.._....__...__...____.......__......_.....__.._...._..
[COMPUTING CONFIDENCE INTERVALS]
[WRITING OUTPUT]
