[2021-06-20 17:05:05.145] [jointLog] [info] setting maxHashResizeThreads to 2
[2021-06-20 17:05:05.145] [jointLog] [info] Fragment incompatibility prior below threshold.  Incompatible fragments will be ignored.
[2021-06-20 17:05:05.145] [jointLog] [info] Usage of --validateMappings implies use of minScoreFraction. Since not explicitly specified, it is being set to 0.65
[2021-06-20 17:05:05.145] [jointLog] [info] Setting consensusSlack to selective-alignment default of 0.35.
[2021-06-20 17:05:05.145] [jointLog] [info] parsing read library format
[2021-06-20 17:05:05.146] [jointLog] [info] There is 1 library.
[2021-06-20 17:05:05.193] [jointLog] [info] Loading pufferfish index
[2021-06-20 17:05:05.194] [jointLog] [info] Loading dense pufferfish index.
[2021-06-20 17:05:05.205] [jointLog] [info] done
[2021-06-20 17:05:05.205] [jointLog] [info] Index contained 126 targets
[2021-06-20 17:05:05.205] [jointLog] [info] Number of decoys : 1
[2021-06-20 17:05:05.205] [jointLog] [info] First decoy index : 125 
[2021-06-20 17:05:05.787] [jointLog] [info] Thread saw mini-batch with a maximum of 0.80% zero probability fragments
[2021-06-20 17:05:05.823] [jointLog] [info] Thread saw mini-batch with a maximum of 0.94% zero probability fragments
[2021-06-20 17:05:05.843] [jointLog] [info] Computed 89 rich equivalence classes for further processing
[2021-06-20 17:05:05.843] [jointLog] [info] Counted 39550 total reads in the equivalence classes 
[2021-06-20 17:05:05.845] [jointLog] [info] Number of mappings discarded because of alignment score : 3871
[2021-06-20 17:05:05.845] [jointLog] [info] Number of fragments entirely discarded because of alignment score : 4459
[2021-06-20 17:05:05.845] [jointLog] [info] Number of fragments discarded because they are best-mapped to decoys : 3166
[2021-06-20 17:05:05.845] [jointLog] [info] Number of fragments discarded because they have only dovetail (discordant) mappings to valid targets : 55
[2021-06-20 17:05:05.846] [jointLog] [warning] Only 39550 fragments were mapped, but the number of burn-in fragments was set to 5000000.
The effective lengths have been computed using the observed mappings.

[2021-06-20 17:05:05.846] [jointLog] [info] Mapping rate = 79.4815%

[2021-06-20 17:05:05.846] [jointLog] [info] finished quantifyLibrary()
[2021-06-20 17:05:05.852] [jointLog] [info] Starting optimizer
[2021-06-20 17:05:05.854] [jointLog] [info] Marked 0 weighted equivalence classes as degenerate
[2021-06-20 17:05:05.854] [jointLog] [info] iteration = 0 | max rel diff. = 315.151
[2021-06-20 17:05:05.861] [jointLog] [info] iteration = 100 | max rel diff. = 0
[2021-06-20 17:05:05.861] [jointLog] [info] Finished optimizer
[2021-06-20 17:05:05.861] [jointLog] [info] writing output 

[2021-06-20 17:05:05.865] [jointLog] [info] Computing gene-level abundance estimates
[2021-06-20 17:05:05.882] [jointLog] [warning] Feature has no GFF ID
[2021-06-20 17:05:05.882] [jointLog] [warning] Feature has no GFF ID
[2021-06-20 17:05:05.882] [jointLog] [info] There were 124 transcripts mapping to 124 genes
[2021-06-20 17:05:05.883] [jointLog] [info] NOTE: We recommend using tximport (https://bioconductor.org/packages/release/bioc/html/tximport.html) for aggregating transcript-level salmon abundance estimates to the gene level.  It is more versatile, exposes more features, and allows considering multi-sample information during aggregation.
[2021-06-20 17:05:05.883] [jointLog] [warning] couldn't find transcript named [Gfp_transgene_gene] in transcript <-> gene map; returning transcript as it's own gene
[2021-06-20 17:05:05.883] [jointLog] [info] Aggregating expressions to gene level
[2021-06-20 17:05:05.885] [jointLog] [info] done
[2021-06-20 17:05:05.844] [fileLog] [info] 
At end of round 0
==================
Observed 49760 total fragments (49760 in most recent round)

